<?xml version="1.0" encoding="UTF-8"?>
<!-- Generated by org.testng.reporters.JUnitXMLReporter -->
<testsuite ignored="0" hostname="Naveen" failures="1" tests="2" name="Surefire test" time="12.228" errors="0" timestamp="2021-08-11T14:18:25 IST">
  <testcase classname="blazedemo.blazedemo.v1.testcases.FunctionalTests" name="checkAllAvailableAirlinesDisplayedonReservePage" time="3.168"/>
  <testcase classname="blazedemo.blazedemo.v1.testcases.FunctionalTests" name="checkThePriceBeforeAndAfterFlighSelection" time="2.977">
    <failure type="java.lang.AssertionError" message="expected [472.56] but found [ 400]">
      <![CDATA[java.lang.AssertionError: expected [472.56] but found [ 400]
at blazedemo.blazedemo.v1.testcases.FunctionalTests.checkThePriceBeforeAndAfterFlighSelection(FunctionalTests.java:23)
at java.base/java.util.ArrayList.forEach(ArrayList.java:1511)
... Removed 38 stack frames]]>
    </failure>
  </testcase> <!-- checkThePriceBeforeAndAfterFlighSelection -->
</testsuite> <!-- Surefire test -->
