<?xml version="1.0" encoding="UTF-8"?>
<!-- Generated by org.testng.reporters.JUnitXMLReporter -->
<testsuite ignored="1" hostname="Naveen" failures="1" tests="19" name="Test" time="16.084" errors="0" timestamp="2021-08-11T20:35:10 IST">
  <testcase classname="blazedemo.blazedemo.v1.testcases.BaseClass" name="@BeforeClass setUp" time="3.541">
    <failure type="java.lang.NullPointerException" message="Cannot invoke &amp;quot;com.aventstack.extentreports.ExtentTest.log(com.aventstack.extentreports.Status, String)&amp;quot; because &amp;quot;this.logger&amp;quot; is null">
      <![CDATA[java.lang.NullPointerException: Cannot invoke "com.aventstack.extentreports.ExtentTest.log(com.aventstack.extentreports.Status, String)" because "this.logger" is null
at blazedemo.blazedemo.v1.testcases.BaseClass.setUp(BaseClass.java:62)
at java.base/java.util.concurrent.ThreadPoolExecutor.runWorker(ThreadPoolExecutor.java:1130)
at java.base/java.util.concurrent.ThreadPoolExecutor$Worker.run(ThreadPoolExecutor.java:630)
at java.base/java.lang.Thread.run(Thread.java:832)
... Removed 10 stack frames]]>
    </failure>
  </testcase> <!-- @BeforeClass setUp -->
  <testcase classname="blazedemo.blazedemo.v1.testcases.BaseClass" name="@AfterClass tearDown" time="-1.628694298635E9">
    <skipped/>
  </testcase> <!-- @AfterClass tearDown -->
  <testcase classname="blazedemo.blazedemo.v1.testcases.FunctionalTests" name="checkThePriceBeforeAndAfterFlighSelection" time="0.0">
    <skipped/>
  </testcase> <!-- checkThePriceBeforeAndAfterFlighSelection -->
  <testcase classname="blazedemo.blazedemo.v1.testcases.FunctionalTests" name="checkAllAvailableAirlinesDisplayedonReservePage" time="0.0">
    <skipped/>
  </testcase> <!-- checkAllAvailableAirlinesDisplayedonReservePage -->
  <testcase classname="blazedemo.blazedemo.v1.testcases.BookingFlow" name="homePageWebElemetsCheck" time="3.204"/>
  <testcase classname="blazedemo.blazedemo.v1.testcases.BookingFlow" name="checkNavigationToReservePage" time="4.413"/>
  <testcase classname="blazedemo.blazedemo.v1.testcases.BookingFlow" name="checkNaviPurchasePageOnAllFlights" time="4.475"/>
  <testcase classname="blazedemo.blazedemo.v1.testcases.BookingFlow" name="checkNavigationAllCountries" time="4.593"/>
  <testcase classname="blazedemo.blazedemo.v1.testcases.BookingFlow" name="checkNaviPurchasePageOnAllFlights" time="1.526"/>
  <testcase classname="blazedemo.blazedemo.v1.testcases.BookingFlow" name="checkNavigationToPurchasePage" time="1.586">
    <failure type="java.lang.AssertionError" message="expected [true] but found [false]">
      <![CDATA[java.lang.AssertionError: expected [true] but found [false]
at blazedemo.blazedemo.v1.testcases.BookingFlow.checkNavigationToPurchasePage(BookingFlow.java:87)
at java.base/java.util.concurrent.ThreadPoolExecutor.runWorker(ThreadPoolExecutor.java:1130)
at java.base/java.util.concurrent.ThreadPoolExecutor$Worker.run(ThreadPoolExecutor.java:630)
at java.base/java.lang.Thread.run(Thread.java:832)
... Removed 16 stack frames]]>
    </failure>
  </testcase> <!-- checkNavigationToPurchasePage -->
  <testcase classname="blazedemo.blazedemo.v1.testcases.BookingFlow" name="checkEnteringCustomerDetails" time="0.0">
    <skipped/>
  </testcase> <!-- checkEnteringCustomerDetails -->
  <testcase classname="blazedemo.blazedemo.v1.testcases.BookingFlow" name="checkForConfirmationPage" time="0.0">
    <skipped/>
  </testcase> <!-- checkForConfirmationPage -->
  <testcase classname="blazedemo.blazedemo.v1.testcases.BookingFlow" name="checkNaviPurchasePageOnAllFlights" time="0.083"/>
  <testcase classname="blazedemo.blazedemo.v1.testcases.BookingFlow" name="checkNavigationAllCountries" time="1.51"/>
  <testcase classname="blazedemo.blazedemo.v1.testcases.BookingFlow" name="checkNaviPurchasePageOnAllFlights" time="0.772"/>
  <testcase classname="blazedemo.blazedemo.v1.testcases.BookingFlow" name="checkNaviPurchasePageOnAllFlights" time="0.051"/>
  <testcase classname="blazedemo.blazedemo.v1.testcases.BookingFlow" name="checkNavigationAllCountries" time="0.821"/>
  <testcase classname="blazedemo.blazedemo.v1.testcases.BookingFlow" name="checkNavigationAllCountries" time="0.794"/>
  <testcase classname="blazedemo.blazedemo.v1.testcases.BookingFlow" name="checkNavigationAllCountries" time="0.745"/>
  <testcase classname="blazedemo.blazedemo.v1.testcases.BookingFlow" name="checkNavigationAllCountries" time="0.967"/>
  <testcase classname="blazedemo.blazedemo.v1.testcases.BookingFlow" name="checkNavigationAllCountries" time="0.764"/>
  <testcase classname="blazedemo.blazedemo.v1.testcases.BaseClass" name="@BeforeTest startReport" time="0.0">
    <ignored/>
  </testcase> <!-- @BeforeTest startReport -->
</testsuite> <!-- Test -->
