<?xml version="1.0" encoding="UTF-8"?>
<testng-results ignored="0" total="2" passed="1" failed="1" skipped="0">
  <reporter-output>
  </reporter-output>
  <suite started-at="2021-08-11T14:18:12 IST" name="Surefire suite" finished-at="2021-08-11T14:18:25 IST" duration-ms="12228">
    <groups>
      <group name="Sanity">
        <method signature="FunctionalTests.checkAllAvailableAirlinesDisplayedonReservePage()[pri:0, instance:blazedemo.blazedemo.v1.testcases.FunctionalTests@31f9b85e]" name="checkAllAvailableAirlinesDisplayedonReservePage" class="blazedemo.blazedemo.v1.testcases.FunctionalTests"/>
      </group> <!-- Sanity -->
    </groups>
    <test started-at="2021-08-11T14:18:12 IST" name="Surefire test" finished-at="2021-08-11T14:18:25 IST" duration-ms="12228">
      <class name="blazedemo.blazedemo.v1.testcases.FunctionalTests">
        <test-method is-config="true" signature="startReport()[pri:0, instance:blazedemo.blazedemo.v1.testcases.FunctionalTests@31f9b85e]" started-at="2021-08-11T14:18:12 IST" name="startReport" finished-at="2021-08-11T14:18:13 IST" duration-ms="314" status="PASS">
          <reporter-output>
          </reporter-output>
        </test-method> <!-- startReport -->
        <test-method is-config="true" signature="setUp()[pri:0, instance:blazedemo.blazedemo.v1.testcases.FunctionalTests@31f9b85e]" started-at="2021-08-11T14:18:13 IST" name="setUp" finished-at="2021-08-11T14:18:17 IST" duration-ms="4354" status="PASS">
          <reporter-output>
          </reporter-output>
        </test-method> <!-- setUp -->
        <test-method signature="checkAllAvailableAirlinesDisplayedonReservePage()[pri:0, instance:blazedemo.blazedemo.v1.testcases.FunctionalTests@31f9b85e]" started-at="2021-08-11T14:18:17 IST" name="checkAllAvailableAirlinesDisplayedonReservePage" finished-at="2021-08-11T14:18:20 IST" duration-ms="3168" status="PASS">
          <reporter-output>
          </reporter-output>
        </test-method> <!-- checkAllAvailableAirlinesDisplayedonReservePage -->
        <test-method signature="checkThePriceBeforeAndAfterFlighSelection()[pri:0, instance:blazedemo.blazedemo.v1.testcases.FunctionalTests@31f9b85e]" started-at="2021-08-11T14:18:20 IST" name="checkThePriceBeforeAndAfterFlighSelection" finished-at="2021-08-11T14:18:23 IST" duration-ms="2977" status="FAIL">
          <exception class="java.lang.AssertionError">
            <message>
              <![CDATA[expected [472.56] but found [ 400]]]>
            </message>
            <full-stacktrace>
              <![CDATA[java.lang.AssertionError: expected [472.56] but found [ 400]
at org.testng.Assert.fail(Assert.java:99)
at org.testng.Assert.failNotEquals(Assert.java:1037)
at org.testng.Assert.assertEqualsImpl(Assert.java:140)
at org.testng.Assert.assertEquals(Assert.java:122)
at org.testng.Assert.assertEquals(Assert.java:629)
at org.testng.Assert.assertEquals(Assert.java:639)
at blazedemo.blazedemo.v1.testcases.FunctionalTests.checkThePriceBeforeAndAfterFlighSelection(FunctionalTests.java:23)
at java.base/jdk.internal.reflect.NativeMethodAccessorImpl.invoke0(Native Method)
at java.base/jdk.internal.reflect.NativeMethodAccessorImpl.invoke(NativeMethodAccessorImpl.java:64)
at java.base/jdk.internal.reflect.DelegatingMethodAccessorImpl.invoke(DelegatingMethodAccessorImpl.java:43)
at java.base/java.lang.reflect.Method.invoke(Method.java:564)
at org.testng.internal.MethodInvocationHelper.invokeMethod(MethodInvocationHelper.java:133)
at org.testng.internal.TestInvoker.invokeMethod(TestInvoker.java:598)
at org.testng.internal.TestInvoker.invokeTestMethod(TestInvoker.java:173)
at org.testng.internal.MethodRunner.runInSequence(MethodRunner.java:46)
at org.testng.internal.TestInvoker$MethodInvocationAgent.invoke(TestInvoker.java:824)
at org.testng.internal.TestInvoker.invokeTestMethods(TestInvoker.java:146)
at org.testng.internal.TestMethodWorker.invokeTestMethods(TestMethodWorker.java:146)
at org.testng.internal.TestMethodWorker.run(TestMethodWorker.java:128)
at java.base/java.util.ArrayList.forEach(ArrayList.java:1511)
at org.testng.TestRunner.privateRun(TestRunner.java:794)
at org.testng.TestRunner.run(TestRunner.java:596)
at org.testng.SuiteRunner.runTest(SuiteRunner.java:377)
at org.testng.SuiteRunner.runSequentially(SuiteRunner.java:371)
at org.testng.SuiteRunner.privateRun(SuiteRunner.java:332)
at org.testng.SuiteRunner.run(SuiteRunner.java:276)
at org.testng.SuiteRunnerWorker.runSuite(SuiteRunnerWorker.java:53)
at org.testng.SuiteRunnerWorker.run(SuiteRunnerWorker.java:96)
at org.testng.TestNG.runSuitesSequentially(TestNG.java:1212)
at org.testng.TestNG.runSuitesLocally(TestNG.java:1134)
at org.testng.TestNG.runSuites(TestNG.java:1063)
at org.testng.TestNG.run(TestNG.java:1031)
at org.apache.maven.surefire.testng.TestNGExecutor.run(TestNGExecutor.java:135)
at org.apache.maven.surefire.testng.TestNGDirectoryTestSuite.executeSingleClass(TestNGDirectoryTestSuite.java:112)
at org.apache.maven.surefire.testng.TestNGDirectoryTestSuite.execute(TestNGDirectoryTestSuite.java:99)
at org.apache.maven.surefire.testng.TestNGProvider.invoke(TestNGProvider.java:146)
at org.apache.maven.surefire.booter.ForkedBooter.invokeProviderInSameClassLoader(ForkedBooter.java:384)
at org.apache.maven.surefire.booter.ForkedBooter.runSuitesInProcess(ForkedBooter.java:345)
at org.apache.maven.surefire.booter.ForkedBooter.execute(ForkedBooter.java:126)
at org.apache.maven.surefire.booter.ForkedBooter.main(ForkedBooter.java:418)
]]>
            </full-stacktrace>
          </exception> <!-- java.lang.AssertionError -->
          <reporter-output>
          </reporter-output>
        </test-method> <!-- checkThePriceBeforeAndAfterFlighSelection -->
        <test-method is-config="true" signature="tearDown()[pri:0, instance:blazedemo.blazedemo.v1.testcases.FunctionalTests@31f9b85e]" started-at="2021-08-11T14:18:23 IST" name="tearDown" finished-at="2021-08-11T14:18:25 IST" duration-ms="1342" status="PASS">
          <reporter-output>
          </reporter-output>
        </test-method> <!-- tearDown -->
      </class> <!-- blazedemo.blazedemo.v1.testcases.FunctionalTests -->
    </test> <!-- Surefire test -->
  </suite> <!-- Surefire suite -->
</testng-results>
